<?xml version="1.0" encoding="UTF-8"?>
<!-- Generated by org.testng.reporters.JUnitReportReporter -->
<testsuite hostname="Lohith" failures="0" tests="1" name="testscript.Login" time="10.915" errors="0" timestamp="2022-05-24T09:07:37 IST" skipped="0">
  <testcase classname="testscript.Login" name="testLogin" time="10.915"/>
  <system-out/>
</testsuite> <!-- testscript.Login -->
